65536
9959629
5627694
16213498
8884650
11767990
4268101
2690316
15968462
3630117
14888354
8855630
10170169
15819165
6124573
6532220
7802947
13989224
2090414
4150078
888524
5578387
476480
905708
7954270
232470
2582513
3912001
6888967
7595064
8206687
16451231
11092782
11088986
14150087
13756197
486571
16732876
10998365
3484184
11623595
2693194
6890203
14246872
1384104
3013967
12576163
11124365
4277770
1682785
8482125
8985609
15582412
13102905
2075329
13831364
4453067
15179542
1302264
11657001
3906255
11736434
2968406
11470662
8601928
5331316
3486250
13234249
4683136
377884
8858929
351543
2183555
9290031
14893063
10350024
16481310
13074081
12581072
9284831
8617962
11890376
15418463
11649164
15956609
15704560
15699568
7942453
7062925
15401263
4176529
8984100
6287671
6120469
12295764
4061685
9817921
1306451
15272947
6783617
2355508
1145352
12664383
14412360
